DEBUG:root:#### Welcome in HubArchiveCreator Debug Mode ####

DEBUG:root:Calling faToTwoBit:
DEBUG:root:---------
DEBUG:root:	
DEBUG:root:Calling twoBitInfo:
DEBUG:root:---------
DEBUG:root:	
DEBUG:root:Calling sort:
DEBUG:root:---------
DEBUG:root:	
DEBUG:root:input_false_path: /home/tianwei/Galaxy/galaxy/database/files/000/dataset_59.dat
DEBUG:root:data_value: {u'long_label': u'H3K4me3', u'name': u'H3K4me3.bigwig', u'database': u'', u'track_color': u'#1f497d', u'group_name': u'Datas from He', u'order_index': u'20'}
DEBUG:root:input_false_path: /home/tianwei/Galaxy/galaxy/database/files/000/dataset_60.dat
DEBUG:root:data_value: {u'long_label': u'H3K9ac', u'name': u'H3K9ac.bigwig', u'database': u'', u'track_color': u'#c0504d', u'group_name': u'Datas from He', u'order_index': u'21'}
DEBUG:root:input_false_path: /home/tianwei/Galaxy/galaxy/database/files/000/dataset_61.dat
DEBUG:root:data_value: {u'long_label': u'H3K27me3', u'name': u'H3K27me3.bigwig', u'database': u'', u'track_color': u'#9bbb59', u'group_name': u'Datas from He', u'order_index': u'22'}
DEBUG:root:input_false_path: /home/tianwei/Galaxy/galaxy/database/files/000/dataset_72.dat
DEBUG:root:data_value: {u'long_label': u'DHS-seq', u'name': u'bamCoverage_on_data_60', u'database': u'', u'track_color': u'#c4bd97', u'group_name': u'DHS-seq data', u'order_index': u'30'}
DEBUG:root:input_false_path: /home/tianwei/Galaxy/galaxy/database/files/000/dataset_70.dat
DEBUG:root:data_value: {u'long_label': u'RNA-seq', u'name': u'bamCoverage_on_data_65', u'database': u'', u'track_color': u'#00b050', u'group_name': u'DHS-seq data', u'order_index': u'31'}
DEBUG:root:input_false_path: /home/tianwei/Galaxy/galaxy/database/files/000/dataset_73.dat
DEBUG:root:data_value: {u'long_label': u'H3K4me2-5d', u'name': u'bamCoverage_on_data_61', u'database': u'', u'track_color': u'#ffc000', u'group_name': u'Datas from Su-5d seedling_dark', u'order_index': u'40'}
DEBUG:root:input_false_path: /home/tianwei/Galaxy/galaxy/database/files/000/dataset_74.dat
DEBUG:root:data_value: {u'long_label': u'H3K4me3-5d', u'name': u'bamCoverage_on_data_62', u'database': u'', u'track_color': u'#c6d9f0', u'group_name': u'Datas from Su-5d seedling_dark', u'order_index': u'41'}
DEBUG:root:input_false_path: /home/tianwei/Galaxy/galaxy/database/files/000/dataset_75.dat
DEBUG:root:data_value: {u'long_label': u'H3K9ac-5d', u'name': u'bamCoverage_on_data_63', u'database': u'', u'track_color': u'#f2dcdb', u'group_name': u'Datas from Su-5d seedling_dark', u'order_index': u'42'}
DEBUG:root:input_false_path: /home/tianwei/Galaxy/galaxy/database/files/000/dataset_76.dat
DEBUG:root:data_value: {u'long_label': u'H3K27ac-5d', u'name': u'bamCoverage_on_data_64', u'database': u'', u'track_color': u'#e36c09', u'group_name': u'Datas from Su-5d seedling_dark', u'order_index': u'43'}
DEBUG:root:input_false_path: /home/tianwei/Galaxy/galaxy/database/files/000/dataset_25.dat
DEBUG:root:data_value: {u'long_label': u'Genes', u'name': u'Oryza_sativa.IRGSP-1.0.38.gff3', u'database': u'', u'track_color': u'#000000', u'group_name': u'Transcripts', u'order_index': u'10'}
DEBUG:root:Calling gff3ToGenePred:
DEBUG:root:---------
DEBUG:root:	
DEBUG:root:Calling genePredToBigGenePred:
DEBUG:root:---------
DEBUG:root:	
DEBUG:root:Calling sort:
DEBUG:root:---------
DEBUG:root:	
DEBUG:root:sorted_bed_file_name: /home/tianwei/Galaxy/galaxy/database/tmp/tmpmjiETu.sorted.bigGenePred
DEBUG:root:chrom_sizes_file_name: /home/tianwei/Galaxy/galaxy/database/tmp/tmphJ4cKT.chrom.sizes
DEBUG:root:big_bed_file_name: /home/tianwei/Galaxy/galaxy/database/jobs_directory/000/77/dataset_77_files/myHub/Rice_Genome_Browser-IRGSP1.0.38/tracks/Oryza_sativa.IRGSP-1.0.38.gff3.bb
DEBUG:root:typeOption: bed12+8
DEBUG:root:autoSql: /home/tianwei/Galaxy/shed_tools/toolshed.g2.bx.psu.edu/repos/rmarenco/hubarchivecreator/cdd33c5c8ac1/hubarchivecreator/bigGenePred.as
DEBUG:root:tab option: True
DEBUG:root:Calling bedToBigBed:
DEBUG:root:---------
DEBUG:root:	
DEBUG:root:----- End of all_datatype_dictionary processing -----
DEBUG:root:all_datatype_ordered_dictionary keys are: [<Gff3.Gff3 object at 0x7f1eb97e1390>, <BigWig.BigWig object at 0x7f1eb97d2a90>, <BigWig.BigWig object at 0x7f1eb97d2bd0>, <BigWig.BigWig object at 0x7f1eb97d2cd0>, <BigWig.BigWig object at 0x7f1eb97d2e90>, <BigWig.BigWig object at 0x7f1eb97d2dd0>, <BigWig.BigWig object at 0x7f1eb97d2d50>, <BigWig.BigWig object at 0x7f1eb97e1050>, <BigWig.BigWig object at 0x7f1eb97d2d10>, <BigWig.BigWig object at 0x7f1eb97d2f10>]
DEBUG:root:----- Beginning of Track adding processing -----
DEBUG:root:We just added in /home/tianwei/Galaxy/galaxy/database/jobs_directory/000/77/dataset_77_files/myHub/Rice_Genome_Browser-IRGSP1.0.38/groups.txt the group Transcripts
DEBUG:root:We just added track gonramp_Oryza_sativa_IRGSP_1_0_38_gff3_bb (in group transcripts)
DEBUG:root:We just added in /home/tianwei/Galaxy/galaxy/database/jobs_directory/000/77/dataset_77_files/myHub/Rice_Genome_Browser-IRGSP1.0.38/groups.txt the group Datas from He
DEBUG:root:We just added track gonramp_H3K4me3_bigwig_bigwig (in group datas_from_he)
DEBUG:root:We DON'T add in /home/tianwei/Galaxy/galaxy/database/jobs_directory/000/77/dataset_77_files/myHub/Rice_Genome_Browser-IRGSP1.0.38/groups.txt the group Datas from He
DEBUG:root:We just added track gonramp_H3K9ac_bigwig_bigwig (in group datas_from_he)
DEBUG:root:We DON'T add in /home/tianwei/Galaxy/galaxy/database/jobs_directory/000/77/dataset_77_files/myHub/Rice_Genome_Browser-IRGSP1.0.38/groups.txt the group Datas from He
DEBUG:root:We just added track gonramp_H3K27me3_bigwig_bigwig (in group datas_from_he)
DEBUG:root:We just added in /home/tianwei/Galaxy/galaxy/database/jobs_directory/000/77/dataset_77_files/myHub/Rice_Genome_Browser-IRGSP1.0.38/groups.txt the group DHS-seq data
DEBUG:root:We just added track gonramp_bamCoverage_on_data_65_bigwig (in group dhs-seq_data)
DEBUG:root:We DON'T add in /home/tianwei/Galaxy/galaxy/database/jobs_directory/000/77/dataset_77_files/myHub/Rice_Genome_Browser-IRGSP1.0.38/groups.txt the group DHS-seq data
DEBUG:root:We just added track gonramp_bamCoverage_on_data_60_bigwig (in group dhs-seq_data)
DEBUG:root:We just added in /home/tianwei/Galaxy/galaxy/database/jobs_directory/000/77/dataset_77_files/myHub/Rice_Genome_Browser-IRGSP1.0.38/groups.txt the group Datas from Su-5d seedling_dark
DEBUG:root:We just added track gonramp_bamCoverage_on_data_63_bigwig (in group datas_from_su-5d_seedling_dark)
DEBUG:root:We DON'T add in /home/tianwei/Galaxy/galaxy/database/jobs_directory/000/77/dataset_77_files/myHub/Rice_Genome_Browser-IRGSP1.0.38/groups.txt the group Datas from Su-5d seedling_dark
DEBUG:root:We just added track gonramp_bamCoverage_on_data_64_bigwig (in group datas_from_su-5d_seedling_dark)
DEBUG:root:We DON'T add in /home/tianwei/Galaxy/galaxy/database/jobs_directory/000/77/dataset_77_files/myHub/Rice_Genome_Browser-IRGSP1.0.38/groups.txt the group Datas from Su-5d seedling_dark
DEBUG:root:We just added track gonramp_bamCoverage_on_data_61_bigwig (in group datas_from_su-5d_seedling_dark)
DEBUG:root:We DON'T add in /home/tianwei/Galaxy/galaxy/database/jobs_directory/000/77/dataset_77_files/myHub/Rice_Genome_Browser-IRGSP1.0.38/groups.txt the group Datas from Su-5d seedling_dark
DEBUG:root:We just added track gonramp_bamCoverage_on_data_62_bigwig (in group datas_from_su-5d_seedling_dark)
DEBUG:root:----- End of Track adding processing -----
DEBUG:root:#### End of HubArchiveCreator Debug Mode: Bye! ####
