DEBUG:root:#### Welcome in HubArchiveCreator Debug Mode ####

DEBUG:root:Calling faToTwoBit:
DEBUG:root:---------
DEBUG:root:	
DEBUG:root:Calling twoBitInfo:
DEBUG:root:---------
DEBUG:root:	
DEBUG:root:Calling sort:
DEBUG:root:---------
DEBUG:root:	
DEBUG:root:input_false_path: /home/tianwei/Galaxy/galaxy/database/files/000/dataset_51.dat
DEBUG:root:data_value: {u'long_label': u'H3K27me3', u'name': u'H3K27me3.bigwig', u'database': u'', u'track_color': u'#938953', u'group_name': u'Histone markers', u'order_index': u'12'}
DEBUG:root:input_false_path: /home/tianwei/Galaxy/galaxy/database/files/000/dataset_50.dat
DEBUG:root:data_value: {u'long_label': u'H3K9ac', u'name': u'H3K9ac.bigwig', u'database': u'', u'track_color': u'#8064a2', u'group_name': u'Histone markers', u'order_index': u'11'}
DEBUG:root:input_false_path: /home/tianwei/Galaxy/galaxy/database/files/000/dataset_51.dat
DEBUG:root:data_value: {u'long_label': u'H3K27me3', u'name': u'H3K27me3.bigwig', u'database': u'', u'track_color': u'#938953', u'group_name': u'Histone markers', u'order_index': u'12'}
DEBUG:root:input_false_path: /home/tianwei/Galaxy/galaxy/database/files/000/dataset_25.dat
DEBUG:root:data_value: {u'long_label': u'Genes', u'name': u'Oryza_sativa.IRGSP-1.0.38.gff3', u'database': u'', u'track_color': u'#000000', u'group_name': u'Genes', u'order_index': u'20'}
DEBUG:root:Calling gff3ToGenePred:
DEBUG:root:---------
DEBUG:root:	
DEBUG:root:Calling genePredToBigGenePred:
DEBUG:root:---------
DEBUG:root:	
DEBUG:root:Calling sort:
DEBUG:root:---------
DEBUG:root:	
DEBUG:root:sorted_bed_file_name: /home/tianwei/Galaxy/galaxy/database/tmp/tmpvFu59Z.sorted.bigGenePred
DEBUG:root:chrom_sizes_file_name: /home/tianwei/Galaxy/galaxy/database/tmp/tmptEAS8I.chrom.sizes
DEBUG:root:big_bed_file_name: /home/tianwei/Galaxy/galaxy/database/jobs_directory/000/54/dataset_54_files/myHub/IRGSP1.0/tracks/Oryza_sativa.IRGSP-1.0.38.gff3.bb
DEBUG:root:typeOption: bed12+8
DEBUG:root:autoSql: /home/tianwei/Galaxy/shed_tools/toolshed.g2.bx.psu.edu/repos/rmarenco/hubarchivecreator/cdd33c5c8ac1/hubarchivecreator/bigGenePred.as
DEBUG:root:tab option: True
DEBUG:root:Calling bedToBigBed:
DEBUG:root:---------
DEBUG:root:	
DEBUG:root:----- End of all_datatype_dictionary processing -----
DEBUG:root:all_datatype_ordered_dictionary keys are: [<BigWig.BigWig object at 0x7f0748408b90>, <BigWig.BigWig object at 0x7f0748408c90>, <Gff3.Gff3 object at 0x7f07484089d0>]
DEBUG:root:----- Beginning of Track adding processing -----
DEBUG:root:We just added in /home/tianwei/Galaxy/galaxy/database/jobs_directory/000/54/dataset_54_files/myHub/IRGSP1.0/groups.txt the group Histone markers
DEBUG:root:We just added track gonramp_H3K9ac_bigwig_bigwig (in group histone_markers)
DEBUG:root:We DON'T add in /home/tianwei/Galaxy/galaxy/database/jobs_directory/000/54/dataset_54_files/myHub/IRGSP1.0/groups.txt the group Histone markers
DEBUG:root:We just added track gonramp_H3K27me3_bigwig_bigwig (in group histone_markers)
DEBUG:root:We just added in /home/tianwei/Galaxy/galaxy/database/jobs_directory/000/54/dataset_54_files/myHub/IRGSP1.0/groups.txt the group Genes
DEBUG:root:We just added track gonramp_Oryza_sativa_IRGSP_1_0_38_gff3_bb (in group genes)
DEBUG:root:----- End of Track adding processing -----
DEBUG:root:#### End of HubArchiveCreator Debug Mode: Bye! ####
