DEBUG:root:#### Welcome in HubArchiveCreator Debug Mode ####

DEBUG:root:Calling faToTwoBit:
DEBUG:root:---------
DEBUG:root:	
DEBUG:root:Calling twoBitInfo:
DEBUG:root:---------
DEBUG:root:	
DEBUG:root:Calling sort:
DEBUG:root:---------
DEBUG:root:	
DEBUG:root:input_false_path: /home/tianwei/Galaxy/galaxy/database/files/000/dataset_59.dat
DEBUG:root:data_value: {u'long_label': u'H3K4me3', u'name': u'H3K4me3.bigwig', u'database': u'', u'track_color': u'#c0504d', u'group_name': u'He Zuhua', u'order_index': u'11'}
DEBUG:root:input_false_path: /home/tianwei/Galaxy/galaxy/database/files/000/dataset_60.dat
DEBUG:root:data_value: {u'long_label': u'H3K9ac', u'name': u'H3K9ac.bigwig', u'database': u'', u'track_color': u'#9bbb59', u'group_name': u'He Zuhua', u'order_index': u'12'}
DEBUG:root:input_false_path: /home/tianwei/Galaxy/galaxy/database/files/000/dataset_61.dat
DEBUG:root:data_value: {u'long_label': u'H3K27me3', u'name': u'H3K27me3.bigwig', u'database': u'', u'track_color': u'#8064a2', u'group_name': u'He Zuhua', u'order_index': u'13'}
DEBUG:root:input_false_path: /home/tianwei/Galaxy/galaxy/database/files/000/dataset_25.dat
DEBUG:root:data_value: {u'long_label': u'Genes', u'name': u'Oryza_sativa.IRGSP-1.0.38.gff3', u'database': u'', u'track_color': u'#000000', u'group_name': u'He Zuhua', u'order_index': u'10'}
DEBUG:root:Calling gff3ToGenePred:
DEBUG:root:---------
DEBUG:root:	
DEBUG:root:Calling genePredToBigGenePred:
DEBUG:root:---------
DEBUG:root:	
DEBUG:root:Calling sort:
DEBUG:root:---------
DEBUG:root:	
DEBUG:root:sorted_bed_file_name: /home/tianwei/Galaxy/galaxy/database/tmp/tmpVGO5Bv.sorted.bigGenePred
DEBUG:root:chrom_sizes_file_name: /home/tianwei/Galaxy/galaxy/database/tmp/tmpqx7lbi.chrom.sizes
DEBUG:root:big_bed_file_name: /home/tianwei/Galaxy/galaxy/database/jobs_directory/000/63/dataset_63_files/myHub/IRGSP1.0/tracks/Oryza_sativa.IRGSP-1.0.38.gff3.bb
DEBUG:root:typeOption: bed12+8
DEBUG:root:autoSql: /home/tianwei/Galaxy/shed_tools/toolshed.g2.bx.psu.edu/repos/rmarenco/hubarchivecreator/cdd33c5c8ac1/hubarchivecreator/bigGenePred.as
DEBUG:root:tab option: True
DEBUG:root:Calling bedToBigBed:
DEBUG:root:---------
DEBUG:root:	
DEBUG:root:----- End of all_datatype_dictionary processing -----
DEBUG:root:all_datatype_ordered_dictionary keys are: [<BigWig.BigWig object at 0x7ff2bec1fa90>, <Gff3.Gff3 object at 0x7ff2bec1fdd0>, <BigWig.BigWig object at 0x7ff2bec1fcd0>, <BigWig.BigWig object at 0x7ff2bec1fbd0>]
DEBUG:root:----- Beginning of Track adding processing -----
DEBUG:root:We just added in /home/tianwei/Galaxy/galaxy/database/jobs_directory/000/63/dataset_63_files/myHub/IRGSP1.0/groups.txt the group He Zuhua
DEBUG:root:We just added track gonramp_H3K4me3_bigwig_bigwig (in group he_zuhua)
DEBUG:root:We DON'T add in /home/tianwei/Galaxy/galaxy/database/jobs_directory/000/63/dataset_63_files/myHub/IRGSP1.0/groups.txt the group He Zuhua
DEBUG:root:We just added track gonramp_Oryza_sativa_IRGSP_1_0_38_gff3_bb (in group he_zuhua)
DEBUG:root:We DON'T add in /home/tianwei/Galaxy/galaxy/database/jobs_directory/000/63/dataset_63_files/myHub/IRGSP1.0/groups.txt the group He Zuhua
DEBUG:root:We just added track gonramp_H3K27me3_bigwig_bigwig (in group he_zuhua)
DEBUG:root:We DON'T add in /home/tianwei/Galaxy/galaxy/database/jobs_directory/000/63/dataset_63_files/myHub/IRGSP1.0/groups.txt the group He Zuhua
DEBUG:root:We just added track gonramp_H3K9ac_bigwig_bigwig (in group he_zuhua)
DEBUG:root:----- End of Track adding processing -----
DEBUG:root:#### End of HubArchiveCreator Debug Mode: Bye! ####
